<?xml version="1.0" encoding="UTF-8"?>
<!-- Generated by org.testng.reporters.JUnitReportReporter -->
<testsuite hostname="DESKTOP-SP9CGAH" failures="0" tests="1" name="com.testng.TestNG2" time="0.233" errors="0" timestamp="11 Feb 2022 06:34:22 GMT" skipped="0">
  <testcase classname="com.testng.TestNG2" name="test" time="0.233"/>
</testsuite> <!-- com.testng.TestNG2 -->
