<?xml version="1.0" encoding="UTF-8"?>
<!-- Generated by org.testng.reporters.JUnitReportReporter -->
<testsuite hostname="DESKTOP-SP9CGAH" failures="0" tests="2" name="com.testng.TestNG1" time="0.017" errors="0" timestamp="29 Jan 2022 13:48:14 GMT" skipped="0">
  <testcase classname="com.testng.TestNG1" name="test2" time="0.005"/>
  <testcase classname="com.testng.TestNG1" name="test1" time="0.012"/>
</testsuite> <!-- com.testng.TestNG1 -->
