<?xml version="1.0" encoding="UTF-8"?>
<!-- Generated by org.testng.reporters.JUnitReportReporter -->
<testsuite hostname="DESKTOP-SP9CGAH" failures="0" tests="5" name="com.testng001.Timeout01" time="0.042" errors="0" timestamp="12 Feb 2022 15:23:38 GMT" skipped="0">
  <testcase classname="com.testng001.Timeout01" name="bank" time="0.011"/>
  <testcase classname="com.testng001.Timeout01" name="dog" time="0.004"/>
  <testcase classname="com.testng001.Timeout01" name="egg" time="0.002"/>
  <testcase classname="com.testng001.Timeout01" name="apple" time="0.021"/>
  <testcase classname="com.testng001.Timeout01" name="car" time="0.004"/>
</testsuite> <!-- com.testng001.Timeout01 -->
