<?xml version="1.0" encoding="UTF-8"?>
<!-- Generated by org.testng.reporters.JUnitReportReporter -->
<testsuite hostname="DESKTOP-SP9CGAH" failures="0" tests="5" name="com.testng001.Priority01" time="0.029" errors="0" timestamp="12 Feb 2022 15:25:11 GMT" skipped="0">
  <testcase classname="com.testng001.Priority01" name="dog" time="0.003"/>
  <testcase classname="com.testng001.Priority01" name="bank" time="0.020"/>
  <testcase classname="com.testng001.Priority01" name="apple" time="0.002"/>
  <testcase classname="com.testng001.Priority01" name="egg" time="0.002"/>
  <testcase classname="com.testng001.Priority01" name="car" time="0.002"/>
</testsuite> <!-- com.testng001.Priority01 -->
