<?xml version="1.0" encoding="UTF-8"?>
<!-- Generated by org.testng.reporters.JUnitReportReporter -->
<testsuite hostname="DESKTOP-SP9CGAH" failures="0" tests="3" name="com.testng.IgnoreTestCases" time="0.033" errors="0" timestamp="29 Jan 2022 13:47:19 GMT" skipped="2">
  <testcase classname="com.testng.IgnoreTestCases" name="test3" time="0.033"/>
  <testcase classname="com.testng.IgnoreTestCases" name="test1">
    <skipped/>
  </testcase> <!-- test1 -->
  <testcase classname="com.testng.IgnoreTestCases" name="test2">
    <skipped/>
  </testcase> <!-- test2 -->
</testsuite> <!-- com.testng.IgnoreTestCases -->
