<?xml version="1.0" encoding="UTF-8"?>
<!-- Generated by org.testng.reporters.JUnitReportReporter -->
<testsuite hostname="DESKTOP-SP9CGAH" failures="0" tests="5" name="com.testng001.Dependency01" time="0.033" errors="0" timestamp="12 Feb 2022 16:06:21 GMT" skipped="1">
  <testcase classname="com.testng001.Dependency01" name="egg" time="0.002"/>
  <testcase classname="com.testng001.Dependency01" name="dog" time="0.003"/>
  <testcase classname="com.testng001.Dependency01" name="apple" time="0.023"/>
  <testcase classname="com.testng001.Dependency01" name="bank" time="0.005"/>
  <testcase classname="com.testng001.Dependency01" name="car">
    <skipped/>
  </testcase> <!-- car -->
</testsuite> <!-- com.testng001.Dependency01 -->
