<?xml version="1.0" encoding="UTF-8"?>
<!-- Generated by org.testng.reporters.JUnitReportReporter -->
<testsuite hostname="DESKTOP-SP9CGAH" failures="0" tests="5" name="com.testng001.Ignore02" time="0.022" errors="0" timestamp="12 Feb 2022 15:15:53 GMT" skipped="2">
  <testcase classname="com.testng001.Ignore02" name="dog" time="0.003"/>
  <testcase classname="com.testng001.Ignore02" name="apple" time="0.017"/>
  <testcase classname="com.testng001.Ignore02" name="egg" time="0.002"/>
  <testcase classname="com.testng001.Ignore02" name="car">
    <skipped/>
  </testcase> <!-- car -->
  <testcase classname="com.testng001.Ignore02" name="bank">
    <skipped/>
  </testcase> <!-- bank -->
</testsuite> <!-- com.testng001.Ignore02 -->
