<?xml version="1.0" encoding="UTF-8"?>
<!-- Generated by org.testng.reporters.JUnitReportReporter -->
<testsuite hostname="DESKTOP-SP9CGAH" failures="0" tests="1" name="com.testng.ParameterPassing" time="0.359" errors="0" timestamp="29 Jan 2022 13:46:45 GMT" skipped="0">
  <testcase classname="com.testng.ParameterPassing" name="test" time="0.359"/>
</testsuite> <!-- com.testng.ParameterPassing -->
