<?xml version="1.0" encoding="UTF-8"?>
<!-- Generated by org.testng.reporters.JUnitReportReporter -->
<testsuite hostname="DESKTOP-SP9CGAH" failures="0" tests="4" name="com.testng001.DependOn" time="0.031" errors="0" timestamp="12 Feb 2022 09:52:36 GMT" skipped="0">
  <testcase classname="com.testng001.DependOn" name="cat" time="0.002"/>
  <testcase classname="com.testng001.DependOn" name="bat" time="0.003"/>
  <testcase classname="com.testng001.DependOn" name="ant" time="0.022"/>
  <testcase classname="com.testng001.DependOn" name="dog" time="0.004"/>
</testsuite> <!-- com.testng001.DependOn -->
