<?xml version="1.0" encoding="UTF-8"?>
<!-- Generated by org.testng.reporters.JUnitReportReporter -->
<testsuite hostname="DESKTOP-SP9CGAH" failures="0" tests="10" name="com.testng001.Invocation02" time="0.042" errors="0" timestamp="12 Feb 2022 16:09:45 GMT" skipped="1">
  <testcase classname="com.testng001.Invocation02" name="bank" time="0.002"/>
  <testcase classname="com.testng001.Invocation02" name="egg" time="0.003"/>
  <testcase classname="com.testng001.Invocation02" name="egg" time="0.003"/>
  <testcase classname="com.testng001.Invocation02" name="dog" time="0.002"/>
  <testcase classname="com.testng001.Invocation02" name="apple" time="0.023"/>
  <testcase classname="com.testng001.Invocation02" name="egg" time="0.002"/>
  <testcase classname="com.testng001.Invocation02" name="apple" time="0.002"/>
  <testcase classname="com.testng001.Invocation02" name="apple" time="0.003"/>
  <testcase classname="com.testng001.Invocation02" name="egg" time="0.002"/>
  <testcase classname="com.testng001.Invocation02" name="car">
    <skipped/>
  </testcase> <!-- car -->
</testsuite> <!-- com.testng001.Invocation02 -->
