<?xml version="1.0" encoding="UTF-8"?>
<!-- Generated by org.testng.reporters.JUnitReportReporter -->
<testsuite hostname="DESKTOP-SP9CGAH" failures="0" tests="10" name="com.testng001.Invocation" time="0.109" errors="0" timestamp="11 Feb 2022 17:41:02 GMT" skipped="0">
  <testcase classname="com.testng001.Invocation" name="ant" time="0.000"/>
  <testcase classname="com.testng001.Invocation" name="bat" time="0.016"/>
  <testcase classname="com.testng001.Invocation" name="cat" time="0.000"/>
  <testcase classname="com.testng001.Invocation" name="bat" time="0.000"/>
  <testcase classname="com.testng001.Invocation" name="cat" time="0.016"/>
  <testcase classname="com.testng001.Invocation" name="dog" time="0.000"/>
  <testcase classname="com.testng001.Invocation" name="bat" time="0.015"/>
  <testcase classname="com.testng001.Invocation" name="ant" time="0.031"/>
  <testcase classname="com.testng001.Invocation" name="dog" time="0.015"/>
  <testcase classname="com.testng001.Invocation" name="dog" time="0.016"/>
</testsuite> <!-- com.testng001.Invocation -->
