<?xml version="1.0" encoding="UTF-8"?>
<!-- Generated by org.testng.reporters.JUnitReportReporter -->
<testsuite hostname="DESKTOP-SP9CGAH" failures="0" tests="2" name="com.testng001.Grouping01" time="0.022" errors="0" timestamp="12 Feb 2022 16:19:37 GMT" skipped="0">
  <testcase classname="com.testng001.Grouping01" name="apple" time="0.019"/>
  <testcase classname="com.testng001.Grouping01" name="car" time="0.003"/>
</testsuite> <!-- com.testng001.Grouping01 -->
