<?xml version="1.0" encoding="UTF-8"?>
<!-- Generated by org.testng.reporters.JUnitReportReporter -->
<testsuite hostname="DESKTOP-SP9CGAH" failures="0" tests="4" name="com.testng001.Grouping" time="0.058" errors="0" timestamp="11 Feb 2022 17:05:13 GMT" skipped="0">
  <testcase classname="com.testng001.Grouping" name="cat" time="0.010"/>
  <testcase classname="com.testng001.Grouping" name="dog" time="0.005"/>
  <testcase classname="com.testng001.Grouping" name="bat" time="0.010"/>
  <testcase classname="com.testng001.Grouping" name="ant" time="0.033"/>
</testsuite> <!-- com.testng001.Grouping -->
