<?xml version="1.0" encoding="UTF-8"?>
<!-- Generated by org.testng.reporters.JUnitReportReporter -->
<testsuite hostname="DESKTOP-SP9CGAH" failures="0" tests="3" name="com.testng001.Ignore" time="0.060" errors="0" timestamp="11 Feb 2022 16:56:28 GMT" skipped="2">
  <testcase classname="com.testng001.Ignore" name="cat" time="0.060"/>
  <testcase classname="com.testng001.Ignore" name="bat">
    <skipped/>
  </testcase> <!-- bat -->
  <testcase classname="com.testng001.Ignore" name="ant">
    <skipped/>
  </testcase> <!-- ant -->
</testsuite> <!-- com.testng001.Ignore -->
