<?xml version="1.0" encoding="UTF-8"?>
<!-- Generated by org.testng.reporters.JUnitReportReporter -->
<testsuite hostname="DESKTOP-SP9CGAH" failures="0" tests="5" name="com.testng001.Ignore01" time="0.029" errors="0" timestamp="12 Feb 2022 15:20:28 GMT" skipped="2">
  <testcase classname="com.testng001.Ignore01" name="egg" time="0.003"/>
  <testcase classname="com.testng001.Ignore01" name="car" time="0.003"/>
  <testcase classname="com.testng001.Ignore01" name="apple" time="0.023"/>
  <testcase classname="com.testng001.Ignore01" name="bank">
    <skipped/>
  </testcase> <!-- bank -->
  <testcase classname="com.testng001.Ignore01" name="dog">
    <skipped/>
  </testcase> <!-- dog -->
</testsuite> <!-- com.testng001.Ignore01 -->
