<?xml version="1.0" encoding="UTF-8"?>
<!-- Generated by org.testng.reporters.JUnitReportReporter -->
<testsuite hostname="DESKTOP-SP9CGAH" failures="0" tests="2" name="com.testng.Parallel" time="128.753" errors="0" timestamp="12 Feb 2022 16:58:53 GMT" skipped="0">
  <testcase classname="com.testng.Parallel" name="Flipkart" time="101.532"/>
  <testcase classname="com.testng.Parallel" name="Amazon" time="27.221"/>
</testsuite> <!-- com.testng.Parallel -->
