<?xml version="1.0" encoding="UTF-8"?>
<!-- Generated by org.testng.reporters.JUnitReportReporter -->
<testsuite hostname="DESKTOP-SP9CGAH" failures="0" tests="7" name="com.testng001.Invocation01" time="0.035" errors="0" timestamp="12 Feb 2022 16:08:39 GMT" skipped="1">
  <testcase classname="com.testng001.Invocation01" name="bank" time="0.001"/>
  <testcase classname="com.testng001.Invocation01" name="egg" time="0.004"/>
  <testcase classname="com.testng001.Invocation01" name="dog" time="0.002"/>
  <testcase classname="com.testng001.Invocation01" name="apple" time="0.003"/>
  <testcase classname="com.testng001.Invocation01" name="apple" time="0.022"/>
  <testcase classname="com.testng001.Invocation01" name="bank" time="0.003"/>
  <testcase classname="com.testng001.Invocation01" name="car">
    <skipped/>
  </testcase> <!-- car -->
</testsuite> <!-- com.testng001.Invocation01 -->
