<?xml version="1.0" encoding="UTF-8"?>
<!-- Generated by org.testng.reporters.JUnitReportReporter -->
<testsuite hostname="DESKTOP-SP9CGAH" failures="0" tests="4" name="com.testng001.Timeout" time="0.129" errors="0" timestamp="12 Feb 2022 09:38:13 GMT" skipped="0">
  <testcase classname="com.testng001.Timeout" name="bat" time="0.007"/>
  <testcase classname="com.testng001.Timeout" name="ant" time="0.100"/>
  <testcase classname="com.testng001.Timeout" name="cat" time="0.007"/>
  <testcase classname="com.testng001.Timeout" name="dog" time="0.015"/>
</testsuite> <!-- com.testng001.Timeout -->
