<?xml version="1.0" encoding="UTF-8"?>
<!-- Generated by org.testng.reporters.JUnitReportReporter -->
<testsuite hostname="DESKTOP-SP9CGAH" failures="0" tests="4" name="com.testng001.Grouping02" time="0.033" errors="0" timestamp="12 Feb 2022 16:30:29 GMT" skipped="0">
  <testcase classname="com.testng001.Grouping02" name="dog" time="0.002"/>
  <testcase classname="com.testng001.Grouping02" name="apple" time="0.027"/>
  <testcase classname="com.testng001.Grouping02" name="egg" time="0.002"/>
  <testcase classname="com.testng001.Grouping02" name="car" time="0.002"/>
</testsuite> <!-- com.testng001.Grouping02 -->
