<?xml version="1.0" encoding="UTF-8"?>
<!-- Generated by org.testng.reporters.JUnitReportReporter -->
<testsuite hostname="DESKTOP-SP9CGAH" failures="0" tests="4" name="com.testng001.Priority" time="0.016" errors="0" timestamp="11 Feb 2022 17:19:22 GMT" skipped="0">
  <testcase classname="com.testng001.Priority" name="bat" time="0.016"/>
  <testcase classname="com.testng001.Priority" name="dog" time="0.000"/>
  <testcase classname="com.testng001.Priority" name="ant" time="0.000"/>
  <testcase classname="com.testng001.Priority" name="cat" time="0.000"/>
</testsuite> <!-- com.testng001.Priority -->
