<?xml version="1.0" encoding="UTF-8"?>
<!-- Generated by org.testng.reporters.JUnitReportReporter -->
<testsuite hostname="DESKTOP-SP9CGAH" failures="0" tests="5" name="com.testng001.Priority02" time="0.032" errors="0" timestamp="12 Feb 2022 15:27:21 GMT" skipped="2">
  <testcase classname="com.testng001.Priority02" name="egg" time="0.027"/>
  <testcase classname="com.testng001.Priority02" name="apple" time="0.003"/>
  <testcase classname="com.testng001.Priority02" name="dog" time="0.002"/>
  <testcase classname="com.testng001.Priority02" name="bank">
    <skipped/>
  </testcase> <!-- bank -->
  <testcase classname="com.testng001.Priority02" name="car">
    <skipped/>
  </testcase> <!-- car -->
</testsuite> <!-- com.testng001.Priority02 -->
